2023-07-22 16:29:54.378  INFO 12496 --- [restartedMain] com.axis.LockerServiceApplication        : Starting LockerServiceApplication using Java 17.0.6 on DESKTOP-OF583NV with PID 12496 (E:\onlinebanking11\complete_backend-master\Locker_Service\target\classes started by sumit in E:\onlinebanking11\complete_backend-master\Locker_Service)
2023-07-22 16:29:54.397  INFO 12496 --- [restartedMain] com.axis.LockerServiceApplication        : No active profile set, falling back to 1 default profile: "default"
2023-07-22 16:29:54.454  INFO 12496 --- [restartedMain] .e.DevToolsPropertyDefaultsPostProcessor : Devtools property defaults active! Set 'spring.devtools.add-properties' to 'false' to disable
2023-07-22 16:29:54.454  INFO 12496 --- [restartedMain] .e.DevToolsPropertyDefaultsPostProcessor : For additional web related logging consider setting the 'logging.level.web' property to 'DEBUG'
2023-07-22 16:29:55.468  INFO 12496 --- [restartedMain] .s.d.r.c.RepositoryConfigurationDelegate : Bootstrapping Spring Data JPA repositories in DEFAULT mode.
2023-07-22 16:29:55.636  INFO 12496 --- [restartedMain] .s.d.r.c.RepositoryConfigurationDelegate : Finished Spring Data repository scanning in 160 ms. Found 4 JPA repository interfaces.
2023-07-22 16:29:55.922  INFO 12496 --- [restartedMain] o.s.cloud.context.scope.GenericScope     : BeanFactory id=54dca77b-615f-372d-b775-cd8aa2878713
2023-07-22 16:29:56.515  INFO 12496 --- [restartedMain] o.s.b.w.embedded.tomcat.TomcatWebServer  : Tomcat initialized with port(s): 8084 (http)
2023-07-22 16:29:56.527  INFO 12496 --- [restartedMain] o.apache.catalina.core.StandardService   : Starting service [Tomcat]
2023-07-22 16:29:56.527  INFO 12496 --- [restartedMain] org.apache.catalina.core.StandardEngine  : Starting Servlet engine: [Apache Tomcat/9.0.75]
2023-07-22 16:29:56.632  INFO 12496 --- [restartedMain] o.a.c.c.C.[Tomcat].[localhost].[/]       : Initializing Spring embedded WebApplicationContext
2023-07-22 16:29:56.633  INFO 12496 --- [restartedMain] w.s.c.ServletWebServerApplicationContext : Root WebApplicationContext: initialization completed in 2178 ms
2023-07-22 16:29:56.830  INFO 12496 --- [restartedMain] o.hibernate.jpa.internal.util.LogHelper  : HHH000204: Processing PersistenceUnitInfo [name: default]
2023-07-22 16:29:56.880  INFO 12496 --- [restartedMain] org.hibernate.Version                    : HHH000412: Hibernate ORM core version 5.6.15.Final
2023-07-22 16:29:57.034  INFO 12496 --- [restartedMain] o.hibernate.annotations.common.Version   : HCANN000001: Hibernate Commons Annotations {5.1.2.Final}
2023-07-22 16:29:57.128  INFO 12496 --- [restartedMain] com.zaxxer.hikari.HikariDataSource       : HikariPool-1 - Starting...
2023-07-22 16:29:57.423  INFO 12496 --- [restartedMain] com.zaxxer.hikari.HikariDataSource       : HikariPool-1 - Start completed.
2023-07-22 16:29:57.442  INFO 12496 --- [restartedMain] org.hibernate.dialect.Dialect            : HHH000400: Using dialect: org.hibernate.dialect.MySQL8Dialect
2023-07-22 16:29:58.163  INFO 12496 --- [restartedMain] o.h.e.t.j.p.i.JtaPlatformInitiator       : HHH000490: Using JtaPlatform implementation: [org.hibernate.engine.transaction.jta.platform.internal.NoJtaPlatform]
2023-07-22 16:29:58.174  INFO 12496 --- [restartedMain] j.LocalContainerEntityManagerFactoryBean : Initialized JPA EntityManagerFactory for persistence unit 'default'
2023-07-22 16:29:58.761  WARN 12496 --- [restartedMain] JpaBaseConfiguration$JpaWebConfiguration : spring.jpa.open-in-view is enabled by default. Therefore, database queries may be performed during view rendering. Explicitly configure spring.jpa.open-in-view to disable this warning
2023-07-22 16:29:59.068  INFO 12496 --- [restartedMain] o.s.s.web.DefaultSecurityFilterChain     : Will secure any request with [org.springframework.security.web.session.DisableEncodeUrlFilter@4ee0c040, org.springframework.security.web.context.request.async.WebAsyncManagerIntegrationFilter@529b45f7, org.springframework.security.web.context.SecurityContextPersistenceFilter@6b45e3a7, org.springframework.security.web.header.HeaderWriterFilter@1af4638b, org.springframework.web.filter.CorsFilter@40fb8938, org.springframework.security.web.authentication.logout.LogoutFilter@27938e67, com.axis.filter.JwtFilter@2613000c, org.springframework.security.web.savedrequest.RequestCacheAwareFilter@24d18a95, org.springframework.security.web.servletapi.SecurityContextHolderAwareRequestFilter@2f50ca59, org.springframework.security.web.authentication.AnonymousAuthenticationFilter@1b5a5675, org.springframework.security.web.session.SessionManagementFilter@6d41bf0d, org.springframework.security.web.access.ExceptionTranslationFilter@13ece4a4, org.springframework.security.web.access.intercept.FilterSecurityInterceptor@1f56717]
2023-07-22 16:29:59.333  WARN 12496 --- [restartedMain] o.s.b.d.a.OptionalLiveReloadServer       : Unable to start LiveReload server
2023-07-22 16:29:59.496  INFO 12496 --- [restartedMain] DiscoveryClientOptionalArgsConfiguration : Eureka HTTP Client uses RestTemplate.
2023-07-22 16:29:59.692  WARN 12496 --- [restartedMain] iguration$LoadBalancerCaffeineWarnLogger : Spring Cloud LoadBalancer is currently working with the default cache. While this cache implementation is useful for development and tests, it's recommended to use Caffeine cache in production.You can switch to using Caffeine cache, by adding it and org.springframework.cache.caffeine.CaffeineCacheManager to the classpath.
2023-07-22 16:29:59.758  INFO 12496 --- [restartedMain] o.s.c.n.eureka.InstanceInfoFactory       : Setting initial instance status as: STARTING
2023-07-22 16:29:59.796  INFO 12496 --- [restartedMain] com.netflix.discovery.DiscoveryClient    : Initializing Eureka in region us-east-1
2023-07-22 16:29:59.801  INFO 12496 --- [restartedMain] c.n.d.s.r.aws.ConfigClusterResolver      : Resolving eureka endpoints via configuration
2023-07-22 16:29:59.826  INFO 12496 --- [restartedMain] com.netflix.discovery.DiscoveryClient    : Disable delta property : false
2023-07-22 16:29:59.827  INFO 12496 --- [restartedMain] com.netflix.discovery.DiscoveryClient    : Single vip registry refresh property : null
2023-07-22 16:29:59.827  INFO 12496 --- [restartedMain] com.netflix.discovery.DiscoveryClient    : Force full registry fetch : false
2023-07-22 16:29:59.827  INFO 12496 --- [restartedMain] com.netflix.discovery.DiscoveryClient    : Application is null : false
2023-07-22 16:29:59.827  INFO 12496 --- [restartedMain] com.netflix.discovery.DiscoveryClient    : Registered Applications size is zero : true
2023-07-22 16:29:59.827  INFO 12496 --- [restartedMain] com.netflix.discovery.DiscoveryClient    : Application version is -1: true
2023-07-22 16:29:59.827  INFO 12496 --- [restartedMain] com.netflix.discovery.DiscoveryClient    : Getting all instance registry info from the eureka server
2023-07-22 16:30:00.150  INFO 12496 --- [restartedMain] com.netflix.discovery.DiscoveryClient    : The response status is 200
2023-07-22 16:30:00.154  INFO 12496 --- [restartedMain] com.netflix.discovery.DiscoveryClient    : Starting heartbeat executor: renew interval is: 30
2023-07-22 16:30:00.157  INFO 12496 --- [restartedMain] c.n.discovery.InstanceInfoReplicator     : InstanceInfoReplicator onDemand update allowed rate per min is 4
2023-07-22 16:30:00.163  INFO 12496 --- [restartedMain] com.netflix.discovery.DiscoveryClient    : Discovery Client initialized at timestamp 1690023600162 with initial instances count: 2
2023-07-22 16:30:00.165  INFO 12496 --- [restartedMain] o.s.c.n.e.s.EurekaServiceRegistry        : Registering application LOCKER_SERVICE with eureka with status UP
2023-07-22 16:30:00.166  INFO 12496 --- [restartedMain] com.netflix.discovery.DiscoveryClient    : Saw local status change event StatusChangeEvent [timestamp=1690023600166, current=UP, previous=STARTING]
2023-07-22 16:30:00.167  INFO 12496 --- [DiscoveryClient-InstanceInfoReplicator-0] com.netflix.discovery.DiscoveryClient    : DiscoveryClient_LOCKER_SERVICE/DESKTOP-OF583NV:Locker_service:8084: registering service...
2023-07-22 16:30:00.194  INFO 12496 --- [restartedMain] o.s.b.w.embedded.tomcat.TomcatWebServer  : Tomcat started on port(s): 8084 (http) with context path ''
2023-07-22 16:30:00.195  INFO 12496 --- [restartedMain] .s.c.n.e.s.EurekaAutoServiceRegistration : Updating port to 8084
2023-07-22 16:30:00.214  INFO 12496 --- [DiscoveryClient-InstanceInfoReplicator-0] com.netflix.discovery.DiscoveryClient    : DiscoveryClient_LOCKER_SERVICE/DESKTOP-OF583NV:Locker_service:8084 - registration status: 204
2023-07-22 16:30:00.298  INFO 12496 --- [restartedMain] com.axis.LockerServiceApplication        : Started LockerServiceApplication in 6.525 seconds (JVM running for 7.464)
2023-07-22 16:34:59.838  INFO 12496 --- [AsyncResolver-bootstrap-executor-0] c.n.d.s.r.aws.ConfigClusterResolver      : Resolving eureka endpoints via configuration
2023-07-22 16:39:59.864  INFO 12496 --- [AsyncResolver-bootstrap-executor-0] c.n.d.s.r.aws.ConfigClusterResolver      : Resolving eureka endpoints via configuration
2023-07-22 16:44:59.879  INFO 12496 --- [AsyncResolver-bootstrap-executor-0] c.n.d.s.r.aws.ConfigClusterResolver      : Resolving eureka endpoints via configuration
2023-07-22 16:49:59.882  INFO 12496 --- [AsyncResolver-bootstrap-executor-0] c.n.d.s.r.aws.ConfigClusterResolver      : Resolving eureka endpoints via configuration
2023-07-22 16:54:59.936  INFO 12496 --- [AsyncResolver-bootstrap-executor-0] c.n.d.s.r.aws.ConfigClusterResolver      : Resolving eureka endpoints via configuration
2023-07-22 16:59:59.941  INFO 12496 --- [AsyncResolver-bootstrap-executor-0] c.n.d.s.r.aws.ConfigClusterResolver      : Resolving eureka endpoints via configuration
2023-07-22 17:04:59.946  INFO 12496 --- [AsyncResolver-bootstrap-executor-0] c.n.d.s.r.aws.ConfigClusterResolver      : Resolving eureka endpoints via configuration
2023-07-22 17:09:59.955  INFO 12496 --- [AsyncResolver-bootstrap-executor-0] c.n.d.s.r.aws.ConfigClusterResolver      : Resolving eureka endpoints via configuration
2023-07-22 17:14:59.960  INFO 12496 --- [AsyncResolver-bootstrap-executor-0] c.n.d.s.r.aws.ConfigClusterResolver      : Resolving eureka endpoints via configuration
2023-07-22 17:20:01.751  INFO 12496 --- [AsyncResolver-bootstrap-executor-0] c.n.d.s.r.aws.ConfigClusterResolver      : Resolving eureka endpoints via configuration
2023-07-22 17:25:01.755  INFO 12496 --- [AsyncResolver-bootstrap-executor-0] c.n.d.s.r.aws.ConfigClusterResolver      : Resolving eureka endpoints via configuration
2023-07-22 17:30:01.768  INFO 12496 --- [AsyncResolver-bootstrap-executor-0] c.n.d.s.r.aws.ConfigClusterResolver      : Resolving eureka endpoints via configuration
2023-07-22 17:35:01.800  INFO 12496 --- [AsyncResolver-bootstrap-executor-0] c.n.d.s.r.aws.ConfigClusterResolver      : Resolving eureka endpoints via configuration
2023-07-22 17:40:01.808  INFO 12496 --- [AsyncResolver-bootstrap-executor-0] c.n.d.s.r.aws.ConfigClusterResolver      : Resolving eureka endpoints via configuration
